C51 COMPILER V9.53.0.0   IBUTTON                                                           03/04/2019 12:57:37 PAGE 1   


C51 COMPILER V9.53.0.0, COMPILATION OF MODULE IBUTTON
OBJECT MODULE PLACED IN .\src\ibutton.OBJ
COMPILER INVOKED BY: c:\SiliconLabs\SimplicityStudio\v3\developer\toolchains\keil_8051\9.53\BIN\C51.exe \\calebasse\2160
                    -9785\Bureau\TP Micro\MCU8bits_RepEtudiants\HO_TASEVSKI\TP1\src\ibutton.c OMF2 SMALL DEBUG OBJECTEXTEND ROM(LARGE) WARNIN
                    -GLEVEL(2) FLOATFUZZY(3) OPTIMIZE(8,SPEED) DEFINE(DEBUG=1) INTVECTOR(0X0000) INTPROMOTE INCDIR(//calebasse/21609785/Burea
                    -u/TP Micro/MCU8bits_RepEtudiants/HO_TASEVSKI/TP1/inc;C:/SiliconLabs/SimplicityStudio/v3/developer/sdks/si8051/v3//Device
                    -/shared/si8051Base;C:/SiliconLabs/SimplicityStudio/v3/developer/sdks/si8051/v3//Device/C8051F930;C:/SiliconLabs/Simplici
                    -tyStudio/v3/developer/sdks/si8051/v3//Device/C8051F930/inc) PRINT(.\src\ibutton.lst) COND PAGEWIDTH(120) PAGELENGTH(65) 
                    -OBJECT(.\src\ibutton.OBJ)

line level    source

   1          //-----------------------------------------------------------------------------
   2          // Includes
   3          //-----------------------------------------------------------------------------
   4          #include <SI_C8051F930_Register_Enums.h>                // SFR declarations
   5          #include "one_wire_bus.h"
   6          #include "ibutton.h"
   7          
   8          //-----------------------------------------------------------------------------
   9          // test_CRC()
  10          //
  11          // test du CRC ibutton
  12          // paramètre sortant = 1 si le test du CRC est correct (sinon 0)
  13          //-----------------------------------------------------------------------------
  14          static bit test_CRC(uint8_t table_IBUTTON[8]){
  15   1              uint8_t i,j,k,n,crc=0;
  16   1              for(k=0;k<7;k++)
  17   1                      for(i=1,j=0;j<8;i=i*2,j++){
  18   2                                n=(( (table_IBUTTON[k]&i)>>j)^crc)&1;
  19   2                                if(n==1)   { crc=crc^0X18;crc=crc>>1;crc+=128;}
  20   2                                else           { crc=crc>>1;}
  21   2                  }
  22   1              if(crc==table_IBUTTON[7])   return(1);
  23   1              else                                            return(0);
  24   1      }
  25          
  26          //-----------------------------------------------------------------------------
  27          // reset_IBUTTON()
  28          //
  29          // paramètre sortant = 1 si un ibutton est présent (sinon 0)
  30          //-----------------------------------------------------------------------------
  31          bit reset_IBUTTON(void) {
  32   1              if(reset_line()==0) return 1;           // la fonction reset_line() est à écrire dans la couche one_wire_bus !
  33   1              else return 0;
  34   1      }
  35          
  36          //-----------------------------------------------------------------------------
  37          // lecture_ID()
  38          //
  39          // paramètre entrant = tableau à remplir avec l'ID du ibutton
  40          // paramètre sortant = 1 si lecture d'un ID sans problème
  41          //                                       = 0 si pas de ibutton ou si erreur de CRC
  42          //-----------------------------------------------------------------------------
  43          bit lecture_ID(uint8_t table_IBUTTON[8]){
  44   1      
  45   1              // à compléter
  46   1      }
*** WARNING C173 IN LINE 46 OF \\calebasse\21609785\Bureau\TP Micro\MCU8bits_RepEtudiants\HO_TASEVSKI\TP1\src\ibutton.c:
             - missing return-expression
*** WARNING C280 IN LINE 43 OF \\calebasse\21609785\Bureau\TP Micro\MCU8bits_RepEtudiants\HO_TASEVSKI\TP1\src\ibutton.c:
             - 'table_IBUTTON': unreferenced local variable
C51 COMPILER V9.53.0.0   IBUTTON                                                           03/04/2019 12:57:37 PAGE 2   

*** WARNING C290 IN LINE 46 OF \\calebasse\21609785\Bureau\TP Micro\MCU8bits_RepEtudiants\HO_TASEVSKI\TP1\src\ibutton.c:
             - missing return value


MODULE INFORMATION:   STATIC OVERLAYABLE
   CODE SIZE        =    111    ----
   CONSTANT SIZE    =   ----    ----
   XDATA SIZE       =   ----    ----
   PDATA SIZE       =   ----    ----
   DATA SIZE        =   ----       7
   IDATA SIZE       =   ----    ----
   BIT SIZE         =   ----    ----
   EDATA SIZE       =   ----    ----
   HDATA SIZE       =   ----    ----
   XDATA CONST SIZE =   ----    ----
   FAR CONST SIZE   =   ----    ----
END OF MODULE INFORMATION.


C51 COMPILATION COMPLETE.  3 WARNING(S),  0 ERROR(S)
