C51 COMPILER V9.53.0.0   LCD                                                               03/25/2019 15:35:28 PAGE 1   


C51 COMPILER V9.53.0.0, COMPILATION OF MODULE LCD
OBJECT MODULE PLACED IN .\src\LCD.OBJ
COMPILER INVOKED BY: c:\SiliconLabs\SimplicityStudio\v3\developer\toolchains\keil_8051\9.53\BIN\C51.exe \\calebasse\2160
                    -9785\Bureau\TP Micro S2\MCU8bits_RepEtudiants\HO_TASEVSKI\TP4\src\LCD.c OMF2 SMALL DEBUG OBJECTEXTEND ROM(LARGE) WARNING
                    -LEVEL(2) FLOATFUZZY(3) OPTIMIZE(8,SPEED) DEFINE(DEBUG=1) INTVECTOR(0X0000) INTPROMOTE INCDIR(//calebasse/21609785/Bureau
                    -/TP Micro S2/MCU8bits_RepEtudiants/HO_TASEVSKI/TP4/inc;C:/SiliconLabs/SimplicityStudio/v3/developer/sdks/si8051/v3//Devi
                    -ce/shared/si8051Base;C:/SiliconLabs/SimplicityStudio/v3/developer/sdks/si8051/v3//Device/C8051F930;C:/SiliconLabs/Simpli
                    -cityStudio/v3/developer/sdks/si8051/v3//Device/C8051F930/inc) PRINT(.\src\LCD.lst) COND PAGEWIDTH(120) PAGELENGTH(65) OB
                    -JECT(.\src\LCD.OBJ)

line level    source

   1          //-----------------------------------------------------------------------------
   2          // Includes
   3          //-----------------------------------------------------------------------------
   4          #include <SI_C8051F930_Register_Enums.h>                // SFR declarations
   5          #include "time.h"
   6          #include "LCD_port.h"
   7          #include "LCD.h"
   8          
   9          
  10          //-----------------------------------------------------------------------------
  11          // init_LCD() :
  12          //
  13          // Initialisation de l'afficheur en mode 4 bits
  14          //-----------------------------------------------------------------------------
  15          
  16          void poweron_LCD(void){
  17   1      
  18   1          AFFICHEUR_ON;
  19   1          AFFICHEUR_RS=0;
  20   1      }
  21          
  22          
  23          
  24          void init_LCD(void){
  25   1      
  26   1          unsigned char u;
  27   1      
  28   1              AFFICHEUR_DB=0X30|(AFFICHEUR_DB & 0x0F); PULSE_EN;                      
  29   1              for(u=0;u<42;u++) delay(100);                                                                   // attente 4.2ms
  30   1              AFFICHEUR_DB=0X30|(AFFICHEUR_DB & 0x0F); PULSE_EN;      delay(100);     // attente 0.1ms
  31   1              AFFICHEUR_DB=0X30|(AFFICHEUR_DB & 0x0F); PULSE_EN;      delay(40);
  32   1              AFFICHEUR_DB=0X20|(AFFICHEUR_DB & 0x0F); PULSE_EN;      delay(40);
  33   1              
  34   1              AFFICHEUR_DB=0X00|(AFFICHEUR_DB & 0x0F); PULSE_EN;      delay(40);
  35   1              AFFICHEUR_DB=0XE0|(AFFICHEUR_DB & 0x0F); PULSE_EN;      delay(40);
  36   1      
  37   1              AFFICHEUR_DB=0X00|(AFFICHEUR_DB & 0x0F); PULSE_EN;      delay(40);
  38   1              AFFICHEUR_DB=0X60|(AFFICHEUR_DB & 0x0F); PULSE_EN;      delay(40);
  39   1      
  40   1              AFFICHEUR_RS=1;
  41   1      }
  42          
  43          //-----------------------------------------------------------------------------
  44          // sendByte_LCD() :
  45          //-----------------------------------------------------------------------------
  46          static void sendByte_LCD(unsigned char u){
  47   1              AFFICHEUR_DB= (u & 0xF0)|(AFFICHEUR_DB & 0x0F); PULSE_EN;
  48   1              AFFICHEUR_DB= (u<<4)|(AFFICHEUR_DB & 0x0F);     PULSE_EN; delay(40);
  49   1      }
  50          
C51 COMPILER V9.53.0.0   LCD                                                               03/25/2019 15:35:28 PAGE 2   

  51          //-----------------------------------------------------------------------------
  52          // putc_LCD() :
  53          //-----------------------------------------------------------------------------
  54          char putC_LCD(char v){
  55   1              if(v=='\r')                     {AFFICHEUR_RS = 0;sendByte_LCD(0X80);}
  56   1              else if(v=='\n')        {AFFICHEUR_RS = 0;sendByte_LCD(0XC0);}
  57   1              else                            {AFFICHEUR_RS = 1;sendByte_LCD(v);}
  58   1              AFFICHEUR_RS = 1;
  59   1              return(0);
  60   1      }
  61          
  62          void clrscr_LCD(){
  63   1              uint8_t u;
  64   1              AFFICHEUR_RS=0;
  65   1              sendByte_LCD(0x01);
  66   1              for(u=0; u<10;u++)delay (164);
  67   1              AFFICHEUR_RS=1;
  68   1      }


MODULE INFORMATION:   STATIC OVERLAYABLE
   CODE SIZE        =    268    ----
   CONSTANT SIZE    =   ----    ----
   XDATA SIZE       =   ----    ----
   PDATA SIZE       =   ----    ----
   DATA SIZE        =   ----       3
   IDATA SIZE       =   ----    ----
   BIT SIZE         =   ----    ----
   EDATA SIZE       =   ----    ----
   HDATA SIZE       =   ----    ----
   XDATA CONST SIZE =   ----    ----
   FAR CONST SIZE   =   ----    ----
END OF MODULE INFORMATION.


C51 COMPILATION COMPLETE.  0 WARNING(S),  0 ERROR(S)
