C51 COMPILER V9.53.0.0   ADC                                                               03/04/2019 12:57:34 PAGE 1   


C51 COMPILER V9.53.0.0, COMPILATION OF MODULE ADC
OBJECT MODULE PLACED IN .\src\ADC.OBJ
COMPILER INVOKED BY: c:\SiliconLabs\SimplicityStudio\v3\developer\toolchains\keil_8051\9.53\BIN\C51.exe \\calebasse\2160
                    -9785\Bureau\TP Micro\MCU8bits_RepEtudiants\HO_TASEVSKI\TP1\src\ADC.c OMF2 SMALL DEBUG OBJECTEXTEND ROM(LARGE) WARNINGLEV
                    -EL(2) FLOATFUZZY(3) OPTIMIZE(8,SPEED) DEFINE(DEBUG=1) INTVECTOR(0X0000) INTPROMOTE INCDIR(//calebasse/21609785/Bureau/TP
                    - Micro/MCU8bits_RepEtudiants/HO_TASEVSKI/TP1/inc;C:/SiliconLabs/SimplicityStudio/v3/developer/sdks/si8051/v3//Device/sha
                    -red/si8051Base;C:/SiliconLabs/SimplicityStudio/v3/developer/sdks/si8051/v3//Device/C8051F930;C:/SiliconLabs/SimplicitySt
                    -udio/v3/developer/sdks/si8051/v3//Device/C8051F930/inc) PRINT(.\src\ADC.lst) COND PAGEWIDTH(120) PAGELENGTH(65) OBJECT(.
                    -\src\ADC.OBJ)

line level    source

   1          //-----------------------------------------------------------------------------
   2          // Includes
   3          //-----------------------------------------------------------------------------
   4          #include <SI_C8051F930_Register_Enums.h>                // SFR declarations
   5          #include "variables_globales.h"
   6          #include "pin_test.h"
   7          
   8          //-----------------------------------------------------------------------------
   9          //      ADC0_ISR
  10          //-----------------------------------------------------------------------------
  11          
  12          INTERRUPT(ADC0_ISR, ADC0EOC_IRQn){
  13   1      
  14   1              TEST=!TEST;
  15   1      
  16   1      }


MODULE INFORMATION:   STATIC OVERLAYABLE
   CODE SIZE        =      6    ----
   CONSTANT SIZE    =   ----    ----
   XDATA SIZE       =   ----    ----
   PDATA SIZE       =   ----    ----
   DATA SIZE        =   ----    ----
   IDATA SIZE       =   ----    ----
   BIT SIZE         =   ----    ----
   EDATA SIZE       =   ----    ----
   HDATA SIZE       =   ----    ----
   XDATA CONST SIZE =   ----    ----
   FAR CONST SIZE   =   ----    ----
END OF MODULE INFORMATION.


C51 COMPILATION COMPLETE.  0 WARNING(S),  0 ERROR(S)
