C51 COMPILER V9.53.0.0   LCD                                                               03/18/2019 14:54:05 PAGE 1   


C51 COMPILER V9.53.0.0, COMPILATION OF MODULE LCD
OBJECT MODULE PLACED IN .\src\LCD.OBJ
COMPILER INVOKED BY: c:\SiliconLabs\SimplicityStudio\v3\developer\toolchains\keil_8051\9.53\BIN\C51.exe \\calebasse\2160
                    -9785\Bureau\TP Micro S2\MCU8bits_RepEtudiants\HO_TASEVSKI\TP3\src\LCD.c OMF2 SMALL DEBUG OBJECTEXTEND ROM(LARGE) WARNING
                    -LEVEL(2) FLOATFUZZY(3) OPTIMIZE(8,SPEED) DEFINE(DEBUG=1) INTVECTOR(0X0000) INTPROMOTE INCDIR(//calebasse/21609785/Bureau
                    -/TP Micro S2/MCU8bits_RepEtudiants/HO_TASEVSKI/TP3/inc;C:/SiliconLabs/SimplicityStudio/v3/developer/sdks/si8051/v3//Devi
                    -ce/shared/si8051Base;C:/SiliconLabs/SimplicityStudio/v3/developer/sdks/si8051/v3//Device/C8051F930;C:/SiliconLabs/Simpli
                    -cityStudio/v3/developer/sdks/si8051/v3//Device/C8051F930/inc) PRINT(.\src\LCD.lst) COND PAGEWIDTH(120) PAGELENGTH(65) OB
                    -JECT(.\src\LCD.OBJ)

line level    source

   1          //-----------------------------------------------------------------------------
   2          // Includes
   3          //-----------------------------------------------------------------------------
   4          #include <SI_C8051F930_Register_Enums.h>                // SFR declarations
   5          #include "time.h"
   6          #include "LCD_port.h"
   7          #include "LCD.h"
   8          
   9          
  10          //-----------------------------------------------------------------------------
  11          // init_LCD() :
  12          //
  13          // Initialisation de l'afficheur en mode 4 bits
  14          //-----------------------------------------------------------------------------
  15          void init_LCD(void){
  16   1          unsigned char u;
  17   1      
  18   1          AFFICHEUR_RS=0;
  19   1              //AFFICHEUR_ON;
  20   1          //for(u=0;u<250;u++) delay(200);                                                                    // attente 50ms afficheur ON
  21   1      
  22   1              AFFICHEUR_DB=0X30|(AFFICHEUR_DB & 0x0F); PULSE_EN;                      
  23   1              for(u=0;u<42;u++) delay(100);                                                                   // attente 4.2ms
  24   1              AFFICHEUR_DB=0X30|(AFFICHEUR_DB & 0x0F); PULSE_EN;      delay(100);     // attente 0.1ms
  25   1              AFFICHEUR_DB=0X30|(AFFICHEUR_DB & 0x0F); PULSE_EN;      delay(40);
  26   1              AFFICHEUR_DB=0X20|(AFFICHEUR_DB & 0x0F); PULSE_EN;      delay(40);
  27   1              
  28   1              AFFICHEUR_DB=0X00|(AFFICHEUR_DB & 0x0F); PULSE_EN;      delay(40);
  29   1              AFFICHEUR_DB=0XE0|(AFFICHEUR_DB & 0x0F); PULSE_EN;      delay(40);
  30   1      
  31   1              AFFICHEUR_DB=0X00|(AFFICHEUR_DB & 0x0F); PULSE_EN;      delay(40);
  32   1              AFFICHEUR_DB=0X60|(AFFICHEUR_DB & 0x0F); PULSE_EN;      delay(40);
  33   1      
  34   1              AFFICHEUR_RS=1;
  35   1      }
  36          
  37          //-----------------------------------------------------------------------------
  38          // sendByte_LCD() :
  39          //-----------------------------------------------------------------------------
  40          static void sendByte_LCD(unsigned char u){
  41   1              AFFICHEUR_DB= (u & 0xF0)|(AFFICHEUR_DB & 0x0F); PULSE_EN;
  42   1              AFFICHEUR_DB= (u<<4)|(AFFICHEUR_DB & 0x0F);     PULSE_EN; delay(40);
  43   1      }
  44          
  45          //-----------------------------------------------------------------------------
  46          // putc_LCD() :
  47          //-----------------------------------------------------------------------------
  48          char putC_LCD(char v){
  49   1              if(v=='\r')                     {AFFICHEUR_RS = 0;sendByte_LCD(0X80);}
  50   1              else if(v=='\n')        {AFFICHEUR_RS = 0;sendByte_LCD(0XC0);}
C51 COMPILER V9.53.0.0   LCD                                                               03/18/2019 14:54:05 PAGE 2   

  51   1              else                            {AFFICHEUR_RS = 1;sendByte_LCD(v);}
  52   1              AFFICHEUR_RS = 1;
  53   1              return(0);
  54   1      }


MODULE INFORMATION:   STATIC OVERLAYABLE
   CODE SIZE        =    225    ----
   CONSTANT SIZE    =   ----    ----
   XDATA SIZE       =   ----    ----
   PDATA SIZE       =   ----    ----
   DATA SIZE        =   ----       2
   IDATA SIZE       =   ----    ----
   BIT SIZE         =   ----    ----
   EDATA SIZE       =   ----    ----
   HDATA SIZE       =   ----    ----
   XDATA CONST SIZE =   ----    ----
   FAR CONST SIZE   =   ----    ----
END OF MODULE INFORMATION.


C51 COMPILATION COMPLETE.  0 WARNING(S),  0 ERROR(S)
