C51 COMPILER V9.53.0.0   TP2_MAIN                                                          03/11/2019 14:18:54 PAGE 1   


C51 COMPILER V9.53.0.0, COMPILATION OF MODULE TP2_MAIN
OBJECT MODULE PLACED IN .\src\TP2_main.OBJ
COMPILER INVOKED BY: c:\SiliconLabs\SimplicityStudio\v3\developer\toolchains\keil_8051\9.53\BIN\C51.exe \\calebasse\2160
                    -9785\Bureau\TP Micro S2\MCU8bits_RepEtudiants\HO_TASEVSKI\TP2\src\TP2_main.c OMF2 SMALL DEBUG OBJECTEXTEND ROM(LARGE) WA
                    -RNINGLEVEL(2) FLOATFUZZY(3) OPTIMIZE(8,SPEED) DEFINE(DEBUG=1) INTVECTOR(0X0000) INTPROMOTE INCDIR(//calebasse/21609785/B
                    -ureau/TP Micro S2/MCU8bits_RepEtudiants/HO_TASEVSKI/TP2/inc;C:/SiliconLabs/SimplicityStudio/v3/developer/sdks/si8051/v3/
                    -/Device/shared/si8051Base;C:/SiliconLabs/SimplicityStudio/v3/developer/sdks/si8051/v3//Device/C8051F930;C:/SiliconLabs/S
                    -implicityStudio/v3/developer/sdks/si8051/v3//Device/C8051F930/inc) PRINT(.\src\TP2_main.lst) COND PAGEWIDTH(120) PAGELEN
                    -GTH(65) OBJECT(.\src\TP2_main.OBJ)

line level    source

   1          
   2          //-----------------------------------------------------------------------------
   3          // Includes
   4          //-----------------------------------------------------------------------------
   5          #include <SI_C8051F930_Register_Enums.h>                  // SFR declarations
   6          #include "InitDevice.h"
   7          // $[Generated Includes]
   8          
   9          #include "variables_globales.h"
  10          #include "pin_test.h"
  11          #include "time.h"
  12          
  13          // [Generated Includes]$
  14          
  15          //-----------------------------------------------------------------------------
  16          // Prototypes de fonctions
  17          //-----------------------------------------------------------------------------
  18          void scheduler(void);
  19          //-----------------------------------------------------------------------------
  20          // Wrapper
  21          //-----------------------------------------------------------------------------
  22          
  23          //-----------------------------------------------------------------------------
  24          
  25          //-----------------------------------------------------------------------------
  26          // main() Routine
  27          // ----------------------------------------------------------------------------
  28          int main (void)
  29          {
  30   1              if((RSTSRC&0x02)==0x00){
  31   2                      if((RSTSRC&0x08)==0x08)
  32   2                      NOP();
  33   2              }
  34   1      
  35   1              // Call hardware initialization routine
  36   1              enter_DefaultMode_from_RESET();
  37   1              PCA0CPH5=0;
  38   1      
  39   1              IE_EA=1;
  40   1      
  41   1              while (1) 
  42   1         {
  43   2              while(new_task==0);
  44   2              new_task=0;
  45   2              scheduler();
  46   2         }                             
  47   1      }
  48          
  49          void scheduler(void){
  50   1      
C51 COMPILER V9.53.0.0   TP2_MAIN                                                          03/11/2019 14:18:54 PAGE 2   

  51   1              static unsigned int nb_appels=0;            // declaration la variable de i qui compte pour 200 fois dela
             -y
  52   1              static unsigned int i;                      // declaration la variable de i qui compte pour 200 fois dela
             -y
  53   1              PCA0CPH5=0;
  54   1              switch(scheduler_ct) {
  55   2      
  56   2      
  57   2                      case 7: {
  58   3                              nb_appels++;                        // incremente nb_appels a chaque fois de case 7
  59   3                              if(nb_appels==50){
  60   4                                      for(i=0;i<100;i++) delay(120);  //fonction delay pour 1 microseconde, pour 12 ms = 100*120 us
  61   4                              }
  62   3      
  63   3      
  64   3                              break;
  65   3                      }
  66   2              }
  67   1      
  68   1              scheduler_ct++;
  69   1              if(scheduler_ct==10) scheduler_ct=0;
  70   1      
  71   1      
  72   1      
  73   1      
  74   1      }
  75          
  76          INTERRUPT(TIMER3_ISR,TIMER3_IRQn) {                     // Timer 3 base de temps de 10ms
  77   1      
  78   1              TMR3CN&=~0x80;
  79   1              new_task=1;
  80   1              TEST=!TEST;
  81   1      }
  82          


MODULE INFORMATION:   STATIC OVERLAYABLE
   CODE SIZE        =    104    ----
   CONSTANT SIZE    =   ----    ----
   XDATA SIZE       =   ----    ----
   PDATA SIZE       =   ----    ----
   DATA SIZE        =      4    ----
   IDATA SIZE       =   ----    ----
   BIT SIZE         =   ----    ----
   EDATA SIZE       =   ----    ----
   HDATA SIZE       =   ----    ----
   XDATA CONST SIZE =   ----    ----
   FAR CONST SIZE   =   ----    ----
END OF MODULE INFORMATION.


C51 COMPILATION COMPLETE.  0 WARNING(S),  0 ERROR(S)
