C51 COMPILER V9.53.0.0   UART0                                                             03/04/2019 12:57:36 PAGE 1   


C51 COMPILER V9.53.0.0, COMPILATION OF MODULE UART0
OBJECT MODULE PLACED IN .\src\UART0.OBJ
COMPILER INVOKED BY: c:\SiliconLabs\SimplicityStudio\v3\developer\toolchains\keil_8051\9.53\BIN\C51.exe \\calebasse\2160
                    -9785\Bureau\TP Micro\MCU8bits_RepEtudiants\HO_TASEVSKI\TP1\src\UART0.c OMF2 SMALL DEBUG OBJECTEXTEND ROM(LARGE) WARNINGL
                    -EVEL(2) FLOATFUZZY(3) OPTIMIZE(8,SPEED) DEFINE(DEBUG=1) INTVECTOR(0X0000) INTPROMOTE INCDIR(//calebasse/21609785/Bureau/
                    -TP Micro/MCU8bits_RepEtudiants/HO_TASEVSKI/TP1/inc;C:/SiliconLabs/SimplicityStudio/v3/developer/sdks/si8051/v3//Device/s
                    -hared/si8051Base;C:/SiliconLabs/SimplicityStudio/v3/developer/sdks/si8051/v3//Device/C8051F930;C:/SiliconLabs/Simplicity
                    -Studio/v3/developer/sdks/si8051/v3//Device/C8051F930/inc) PRINT(.\src\UART0.lst) COND PAGEWIDTH(120) PAGELENGTH(65) OBJE
                    -CT(.\src\UART0.OBJ)

line level    source

   1          //-----------------------------------------------------------------------------
   2          // Includes
   3          //-----------------------------------------------------------------------------
   4          #include <SI_C8051F930_Register_Enums.h>                // SFR declarations
   5          #include <stdio.h>
   6          #include "variables_globales.h"
   7          #include "pin_test.h"
   8          
   9          
  10          //-----------------------------------------------------------------------------
  11          //      UART0_ISR
  12          //-----------------------------------------------------------------------------
  13          
  14          INTERRUPT(UART0_ISR, UART0_IRQn){
  15   1      
  16   1              if(SCON0_TI==1){
  17   2                      SCON0_TI=0;
  18   2      
  19   2              }
  20   1              else if(SCON0_RI==1){
  21   2                      SCON0_RI=0;
  22   2      
  23   2              }
  24   1      
  25   1      }
  26          
  27          
  28          
  29          


MODULE INFORMATION:   STATIC OVERLAYABLE
   CODE SIZE        =     15    ----
   CONSTANT SIZE    =   ----    ----
   XDATA SIZE       =   ----    ----
   PDATA SIZE       =   ----    ----
   DATA SIZE        =   ----    ----
   IDATA SIZE       =   ----    ----
   BIT SIZE         =   ----    ----
   EDATA SIZE       =   ----    ----
   HDATA SIZE       =   ----    ----
   XDATA CONST SIZE =   ----    ----
   FAR CONST SIZE   =   ----    ----
END OF MODULE INFORMATION.


C51 COMPILATION COMPLETE.  0 WARNING(S),  0 ERROR(S)
