C51 COMPILER V9.53.0.0   SPECS                                                             04/29/2019 15:55:06 PAGE 1   


C51 COMPILER V9.53.0.0, COMPILATION OF MODULE SPECS
OBJECT MODULE PLACED IN .\.metadata\.plugins\org.eclipse.cdt.make.core\specs.OBJ
COMPILER INVOKED BY: c:\SiliconLabs\SimplicityStudio\v3\developer\toolchains\keil_8051\9.53\BIN\C51.exe \\calebasse\2160
                    -9785\Bureau\TP Micro S2\MCU8bits_RepEtudiants\HO_TASEVSKI\TP6\.metadata\.plugins\org.eclipse.cdt.make.core\specs.c OMF2 
                    -SMALL DEBUG OBJECTEXTEND ROM(LARGE) WARNINGLEVEL(2) FLOATFUZZY(3) OPTIMIZE(8,SPEED) DEFINE(DEBUG=1) INTVECTOR(0X0000) IN
                    -TPROMOTE INCDIR(//calebasse/21609785/Bureau/TP Micro S2/MCU8bits_RepEtudiants/HO_TASEVSKI/TP6/inc;C:/SiliconLabs/Simplic
                    -ityStudio/v3/developer/sdks/si8051/v3//Device/shared/si8051Base;C:/SiliconLabs/SimplicityStudio/v3/developer/sdks/si8051
                    -/v3//Device/C8051F930;C:/SiliconLabs/SimplicityStudio/v3/developer/sdks/si8051/v3//Device/C8051F930/inc) PRINT(.\.metada
                    -ta\.plugins\org.eclipse.cdt.make.core\specs.lst) COND PAGEWIDTH(120) PAGELENGTH(65) OBJECT(.\.metadata\.plugins\org.ecli
                    -pse.cdt.make.core\specs.OBJ)

line level    source

   1          


MODULE INFORMATION:   STATIC OVERLAYABLE
   CODE SIZE        =   ----    ----
   CONSTANT SIZE    =   ----    ----
   XDATA SIZE       =   ----    ----
   PDATA SIZE       =   ----    ----
   DATA SIZE        =   ----    ----
   IDATA SIZE       =   ----    ----
   BIT SIZE         =   ----    ----
   EDATA SIZE       =   ----    ----
   HDATA SIZE       =   ----    ----
   XDATA CONST SIZE =   ----    ----
   FAR CONST SIZE   =   ----    ----
END OF MODULE INFORMATION.


C51 COMPILATION COMPLETE.  0 WARNING(S),  0 ERROR(S)
