C51 COMPILER V9.53.0.0   INTERRUPTS                                                        03/04/2019 13:02:36 PAGE 1   


C51 COMPILER V9.53.0.0, COMPILATION OF MODULE INTERRUPTS
OBJECT MODULE PLACED IN .\src\Interrupts.OBJ
COMPILER INVOKED BY: c:\SiliconLabs\SimplicityStudio\v3\developer\toolchains\keil_8051\9.53\BIN\C51.exe \\calebasse\2160
                    -9785\Bureau\TP Micro\MCU8bits_RepEtudiants\HO_TASEVSKI\TP1\src\Interrupts.c OMF2 SMALL DEBUG OBJECTEXTEND ROM(LARGE) WAR
                    -NINGLEVEL(2) FLOATFUZZY(3) OPTIMIZE(8,SPEED) DEFINE(DEBUG=1) INTVECTOR(0X0000) INTPROMOTE INCDIR(//calebasse/21609785/Bu
                    -reau/TP Micro/MCU8bits_RepEtudiants/HO_TASEVSKI/TP1/inc;C:/SiliconLabs/SimplicityStudio/v3/developer/sdks/si8051/v3//Dev
                    -ice/shared/si8051Base;C:/SiliconLabs/SimplicityStudio/v3/developer/sdks/si8051/v3//Device/C8051F930;C:/SiliconLabs/Simpl
                    -icityStudio/v3/developer/sdks/si8051/v3//Device/C8051F930/inc) PRINT(.\src\Interrupts.lst) COND PAGEWIDTH(120) PAGELENGT
                    -H(65) OBJECT(.\src\Interrupts.OBJ)

line level    source

   1          //=========================================================
   2          // src/Interrupts.c: generated by Hardware Configurator
   3          //
   4          // This file will be regenerated when saving a document.
   5          // leave the sections inside the "$[...]" comment tags alone
   6          // or they will be overwritten!
   7          //=========================================================
   8          
   9          
  10          // USER INCLUDES
  11          #include <SI_C8051F930_Register_Enums.h>
  12          
  13          //-----------------------------------------------------------------------------
  14          // TIMER3_ISR
  15          //-----------------------------------------------------------------------------
  16          //
  17          // TIMER3 ISR Content goes here. Remember to clear flag bits:
  18          // TMR3CN::TF3H (Timer # High Byte Overflow Flag)
  19          // TMR3CN::TF3L (Timer # Low Byte Overflow Flag)
  20          //
  21          //-----------------------------------------------------------------------------
  22          INTERRUPT (TIMER3_ISR, TIMER3_IRQn)
  23          {
  24   1      
  25   1      }
  26          
  27          
  28          
  29          //-----------------------------------------------------------------------------
  30          // ADC0EOC_ISR
  31          //-----------------------------------------------------------------------------
  32          //
  33          // ADC0EOC ISR Content goes here. Remember to clear flag bits:
  34          // ADC0CN::ADINT (Conversion Complete Interrupt Flag)
  35          //
  36          //-----------------------------------------------------------------------------
  37          INTERRUPT (ADC0EOC_ISR, ADC0EOC_IRQn)
  38          {
  39   1      
  40   1      }
  41          
  42          
  43          //-----------------------------------------------------------------------------
  44          // UART0_ISR
  45          //-----------------------------------------------------------------------------
  46          //
  47          // UART0 ISR Content goes here. Remember to clear flag bits:
  48          // SCON0::RI (Receive Interrupt Flag)
  49          // SCON0::TI (Transmit Interrupt Flag)
  50          //
C51 COMPILER V9.53.0.0   INTERRUPTS                                                        03/04/2019 13:02:36 PAGE 2   

  51          //-----------------------------------------------------------------------------
  52          INTERRUPT (UART0_ISR, UART0_IRQn)
  53          {
  54   1      
  55   1      }
  56          
  57          


MODULE INFORMATION:   STATIC OVERLAYABLE
   CODE SIZE        =     12    ----
   CONSTANT SIZE    =   ----    ----
   XDATA SIZE       =   ----    ----
   PDATA SIZE       =   ----    ----
   DATA SIZE        =   ----    ----
   IDATA SIZE       =   ----    ----
   BIT SIZE         =   ----    ----
   EDATA SIZE       =   ----    ----
   HDATA SIZE       =   ----    ----
   XDATA CONST SIZE =   ----    ----
   FAR CONST SIZE   =   ----    ----
END OF MODULE INFORMATION.


C51 COMPILATION COMPLETE.  0 WARNING(S),  0 ERROR(S)
