C51 COMPILER V9.53.0.0   ONE_WIRE_BUS                                                      04/29/2019 13:12:50 PAGE 1   


C51 COMPILER V9.53.0.0, COMPILATION OF MODULE ONE_WIRE_BUS
OBJECT MODULE PLACED IN .\src\one_wire_bus.OBJ
COMPILER INVOKED BY: c:\SiliconLabs\SimplicityStudio\v3\developer\toolchains\keil_8051\9.53\BIN\C51.exe \\calebasse\2160
                    -9785\Bureau\TP Micro S2\MCU8bits_RepEtudiants\HO_TASEVSKI\TP5\src\one_wire_bus.c OMF2 SMALL DEBUG OBJECTEXTEND ROM(LARGE
                    -) WARNINGLEVEL(2) FLOATFUZZY(3) OPTIMIZE(8,SPEED) DEFINE(DEBUG=1) INTVECTOR(0X0000) INTPROMOTE INCDIR(//calebasse/216097
                    -85/Bureau/TP Micro S2/MCU8bits_RepEtudiants/HO_TASEVSKI/TP5/inc;C:/SiliconLabs/SimplicityStudio/v3/developer/sdks/si8051
                    -/v3//Device/shared/si8051Base;C:/SiliconLabs/SimplicityStudio/v3/developer/sdks/si8051/v3//Device/C8051F930;C:/SiliconLa
                    -bs/SimplicityStudio/v3/developer/sdks/si8051/v3//Device/C8051F930/inc) PRINT(.\src\one_wire_bus.lst) COND PAGEWIDTH(120)
                    - PAGELENGTH(65) OBJECT(.\src\one_wire_bus.OBJ)

line level    source

   1          //-----------------------------------------------------------------------------
   2          // Includes
   3          //-----------------------------------------------------------------------------
   4          #include <SI_C8051F930_Register_Enums.h>                // SFR declarations
   5          #include "time.h"
   6          #include "one_wire_bus_port.h"
   7          
   8          //-----------------------------------------------------------------------------
   9          // Mettre IBUTTON en PUSH_PULL puis à 0
  10          //-----------------------------------------------------------------------------
  11          #define IBUTTON_OUT_0;  IBUTTON_PUSH_PULL;IBUTTON=0;
  12          
  13          //-----------------------------------------------------------------------------
  14          //  Mettre IBUTTON à 1 puis en OPEN DRAIN
  15          //-----------------------------------------------------------------------------
  16          #define IBUTTON_IN;             IBUTTON=1;IBUTTON_OPEN_DRAIN;
  17          
  18          //-----------------------------------------------------------------------------
  19          //  Fonctions du protocoles 1 wire bus
  20          //-----------------------------------------------------------------------------
  21          
  22          //-----------------------------------------------------------------------------
  23          //  write_bit_1 : écriture d'un '1'
  24          //-----------------------------------------------------------------------------
  25          static void write_bit_1(void){
  26   1              IBUTTON_OUT_0;  delay(6);
  27   1              IBUTTON_IN;             delay(64);
  28   1      }
  29          //-----------------------------------------------------------------------------
  30          //  write_bit_0 : écriture d'un '0'
  31          //-----------------------------------------------------------------------------
  32          static void write_bit_0(void){
  33   1              IBUTTON_OUT_0;  delay(60);
  34   1              IBUTTON_IN;             delay(10);
  35   1      }
  36          //-----------------------------------------------------------------------------
  37          //  read_bit : lecture d'un bit du ibutton
  38          //-----------------------------------------------------------------------------
  39          static bit read_bit (void){
  40   1              bit lecture;
  41   1      
  42   1              IBUTTON_OUT_0;          delay(6);
  43   1              IBUTTON_IN;                     delay(9);
  44   1              lecture=IBUTTON;        delay(55);
  45   1              return(lecture);
  46   1      }
  47          //-----------------------------------------------------------------------------
  48          //  reset_line : fonction de détection d'un ibutton sur la broche
  49          //
  50          // paramètre sortant = 0 si au moins un ibutton est présent
C51 COMPILER V9.53.0.0   ONE_WIRE_BUS                                                      04/29/2019 13:12:50 PAGE 2   

  51          //-----------------------------------------------------------------------------
  52          bit reset_line(void){
  53   1              bit presence;
  54   1      
  55   1              IBUTTON_OUT_0;
  56   1      
  57   1              delay(240);
  58   1              delay(240);
  59   1      
  60   1              IBUTTON_IN;             delay(70);
  61   1              presence = IBUTTON;
  62   1      
  63   1              delay(200);
  64   1              delay(210);
  65   1              return(presence);
  66   1      }
  67          
  68          //-----------------------------------------------------------------------------
  69          // write_byte()
  70          //
  71          // écriture d'un octet vers le ibutton
  72          //-----------------------------------------------------------------------------
  73          void write_Byte(uint8_t octet){
  74   1              uint8_t u;
  75   1              for(u=0;u<8;u++) {
  76   2                      if((octet & 0X01)==1) write_bit_1();
  77   2                      else write_bit_0();
  78   2                      octet = octet>>1;
  79   2              }
  80   1      }
  81          
  82          //-----------------------------------------------------------------------------
  83          // read_byte()
  84          //
  85          // lecture d'un octet en provenance du ibutton
  86          //-----------------------------------------------------------------------------
  87          uint8_t read_Byte(void){
  88   1              uint8_t u,tampon=0;
  89   1              for(u=0;u<8;u++) {
  90   2                      tampon=tampon>>1;
  91   2                      if(read_bit()==1)       tampon|=0X80;
  92   2              }
  93   1              return(tampon);
  94   1      }
  95          
  96          
  97          
  98          


MODULE INFORMATION:   STATIC OVERLAYABLE
   CODE SIZE        =    179    ----
   CONSTANT SIZE    =   ----    ----
   XDATA SIZE       =   ----    ----
   PDATA SIZE       =   ----    ----
   DATA SIZE        =   ----       4
   IDATA SIZE       =   ----    ----
   BIT SIZE         =   ----       2
   EDATA SIZE       =   ----    ----
   HDATA SIZE       =   ----    ----
   XDATA CONST SIZE =   ----    ----
   FAR CONST SIZE   =   ----    ----
END OF MODULE INFORMATION.

C51 COMPILER V9.53.0.0   ONE_WIRE_BUS                                                      04/29/2019 13:12:50 PAGE 3   


C51 COMPILATION COMPLETE.  0 WARNING(S),  0 ERROR(S)
