C51 COMPILER V9.53.0.0   TP1_MAIN                                                          03/04/2019 15:08:02 PAGE 1   


C51 COMPILER V9.53.0.0, COMPILATION OF MODULE TP1_MAIN
OBJECT MODULE PLACED IN .\src\TP1_main.OBJ
COMPILER INVOKED BY: c:\SiliconLabs\SimplicityStudio\v3\developer\toolchains\keil_8051\9.53\BIN\C51.exe \\calebasse\2160
                    -9785\Bureau\TP Micro\MCU8bits_RepEtudiants\HO_TASEVSKI\TP1\src\TP1_main.c OMF2 SMALL DEBUG OBJECTEXTEND ROM(LARGE) WARNI
                    -NGLEVEL(2) FLOATFUZZY(3) OPTIMIZE(8,SPEED) DEFINE(DEBUG=1) INTVECTOR(0X0000) INTPROMOTE INCDIR(//calebasse/21609785/Bure
                    -au/TP Micro/MCU8bits_RepEtudiants/HO_TASEVSKI/TP1/inc;C:/SiliconLabs/SimplicityStudio/v3/developer/sdks/si8051/v3//Devic
                    -e/shared/si8051Base;C:/SiliconLabs/SimplicityStudio/v3/developer/sdks/si8051/v3//Device/C8051F930;C:/SiliconLabs/Simplic
                    -ityStudio/v3/developer/sdks/si8051/v3//Device/C8051F930/inc) PRINT(.\src\TP1_main.lst) COND PAGEWIDTH(120) PAGELENGTH(65
                    -) OBJECT(.\src\TP1_main.OBJ)

line level    source

   1          
   2          //-----------------------------------------------------------------------------
   3          // Includes
   4          //-----------------------------------------------------------------------------
   5          #include <SI_C8051F930_Register_Enums.h>                  // SFR declarations
   6          #include "InitDevice.h"
   7          // $[Generated Includes]
   8          
   9          #include "variables_globales.h"
  10          #include "pin_test.h"
  11          
  12          // [Generated Includes]$
  13          
  14          //-----------------------------------------------------------------------------
  15          // Prototypes de fonctions
  16          //-----------------------------------------------------------------------------
  17          void scheduler(void);
  18          //-----------------------------------------------------------------------------
  19          // Wrapper
  20          //-----------------------------------------------------------------------------
  21          
  22          //-----------------------------------------------------------------------------
  23          
  24          //-----------------------------------------------------------------------------
  25          // main() Routine
  26          // ----------------------------------------------------------------------------
  27          int main (void)
  28          {
  29   1      
  30   1              // Call hardware initialization routine
  31   1              enter_DefaultMode_from_RESET();
  32   1      
  33   1              IE_EA=1;
  34   1      
  35   1              while (1) 
  36   1         {
  37   2              while(new_task==0);
  38   2              new_task=0;
  39   2              scheduler();
  40   2         }                             
  41   1      }
  42          
  43          void scheduler(void){
  44   1      
  45   1              switch(scheduler_ct) {
  46   2                      case 0: {
  47   3      
  48   3                                      break;
  49   3                      }
  50   2      
C51 COMPILER V9.53.0.0   TP1_MAIN                                                          03/04/2019 15:08:02 PAGE 2   

  51   2                      case 1: {
  52   3      
  53   3                                      break;
  54   3                      }
  55   2              }
  56   1      
  57   1              scheduler_ct++;
  58   1              if(scheduler_ct==10) scheduler_ct=0;
  59   1      }
  60          
  61          INTERRUPT(TIMER3_ISR,TIMER3_IRQn) {                     // Timer 3 base de temps de 10ms
  62   1      
  63   1              TMR3CN&=~0x80;
  64   1              new_task=1;
  65   1              TEST=!TEST;
  66   1      }
  67          


MODULE INFORMATION:   STATIC OVERLAYABLE
   CODE SIZE        =     37    ----
   CONSTANT SIZE    =   ----    ----
   XDATA SIZE       =   ----    ----
   PDATA SIZE       =   ----    ----
   DATA SIZE        =   ----    ----
   IDATA SIZE       =   ----    ----
   BIT SIZE         =   ----    ----
   EDATA SIZE       =   ----    ----
   HDATA SIZE       =   ----    ----
   XDATA CONST SIZE =   ----    ----
   FAR CONST SIZE   =   ----    ----
END OF MODULE INFORMATION.


C51 COMPILATION COMPLETE.  0 WARNING(S),  0 ERROR(S)
