C51 COMPILER V9.53.0.0   VARIABLES_GLOBALES                                                03/11/2019 14:18:55 PAGE 1   


C51 COMPILER V9.53.0.0, COMPILATION OF MODULE VARIABLES_GLOBALES
OBJECT MODULE PLACED IN .\src\variables_globales.OBJ
COMPILER INVOKED BY: c:\SiliconLabs\SimplicityStudio\v3\developer\toolchains\keil_8051\9.53\BIN\C51.exe \\calebasse\2160
                    -9785\Bureau\TP Micro S2\MCU8bits_RepEtudiants\HO_TASEVSKI\TP2\src\variables_globales.c OMF2 SMALL DEBUG OBJECTEXTEND ROM
                    -(LARGE) WARNINGLEVEL(2) FLOATFUZZY(3) OPTIMIZE(8,SPEED) DEFINE(DEBUG=1) INTVECTOR(0X0000) INTPROMOTE INCDIR(//calebasse/
                    -21609785/Bureau/TP Micro S2/MCU8bits_RepEtudiants/HO_TASEVSKI/TP2/inc;C:/SiliconLabs/SimplicityStudio/v3/developer/sdks/
                    -si8051/v3//Device/shared/si8051Base;C:/SiliconLabs/SimplicityStudio/v3/developer/sdks/si8051/v3//Device/C8051F930;C:/Sil
                    -iconLabs/SimplicityStudio/v3/developer/sdks/si8051/v3//Device/C8051F930/inc) PRINT(.\src\variables_globales.lst) COND PA
                    -GEWIDTH(120) PAGELENGTH(65) OBJECT(.\src\variables_globales.OBJ)

line level    source

   1          #include <SI_C8051F930_Register_Enums.h>                // note : pour le type uint8_t défini dans stdint.h
   2          
   3          //-----------------------------------------------------------------------------
   4          // Initialisation des variables globales
   5          //-----------------------------------------------------------------------------
   6          
   7          //-----------------------------------------------------------------------------
   8          // Scheduler
   9          //-----------------------------------------------------------------------------
  10          xdata uint8_t scheduler_ct;
  11          bit new_task=0;
  12          //-----------------------------------------------------------------------------
  13          
  14          //-----------------------------------------------------------------------------
  15          // UART0
  16          //-----------------------------------------------------------------------------
  17          
  18          //-----------------------------------------------------------------------------
  19          // ADC0
  20          //-----------------------------------------------------------------------------
  21          
  22          


MODULE INFORMATION:   STATIC OVERLAYABLE
   CODE SIZE        =   ----    ----
   CONSTANT SIZE    =   ----    ----
   XDATA SIZE       =      1    ----
   PDATA SIZE       =   ----    ----
   DATA SIZE        =   ----    ----
   IDATA SIZE       =   ----    ----
   BIT SIZE         =      1    ----
   EDATA SIZE       =   ----    ----
   HDATA SIZE       =   ----    ----
   XDATA CONST SIZE =   ----    ----
   FAR CONST SIZE   =   ----    ----
END OF MODULE INFORMATION.


C51 COMPILATION COMPLETE.  0 WARNING(S),  0 ERROR(S)
